<?xml version="1.0" encoding="UTF-8"?>
<!-- Generated by org.testng.reporters.JUnitReportReporter -->
<testsuite hostname="DESKTOP-DLAD3CB" failures="0" tests="7" name="LoginTestCase" time="1.351" errors="0" timestamp="2023-02-14T11:47:53 ICT" skipped="0">
  <testcase classname="LoginTestCase" name="testCase2" time="0.183"/>
  <system-out/>
  <testcase classname="LoginTestCase" name="testCase3" time="0.134"/>
  <system-out/>
  <testcase classname="LoginTestCase" name="testCase6" time="0.118"/>
  <system-out/>
  <testcase classname="LoginTestCase" name="testCase5" time="0.176"/>
  <system-out/>
  <testcase classname="LoginTestCase" name="testCase7" time="0.185"/>
  <system-out/>
  <testcase classname="LoginTestCase" name="testCase1" time="0.434"/>
  <system-out/>
  <testcase classname="LoginTestCase" name="testCase4" time="0.121"/>
  <system-out/>
</testsuite> <!-- LoginTestCase -->
