<?xml version="1.0" encoding="UTF-8"?>
<!-- Generated by org.testng.reporters.JUnitReportReporter -->
<testsuite hostname="DESKTOP-DLAD3CB" failures="0" tests="7" name="LoginTestCase" time="8.147" errors="0" timestamp="2023-02-14T10:15:44 ICT" skipped="0">
  <testcase classname="LoginTestCase" name="testCase4" time="0.118"/>
  <system-out/>
  <testcase classname="LoginTestCase" name="testCase2" time="0.173"/>
  <system-out/>
  <testcase classname="LoginTestCase" name="testCase3" time="0.131"/>
  <system-out/>
  <testcase classname="LoginTestCase" name="testCase1" time="7.262"/>
  <system-out/>
  <testcase classname="LoginTestCase" name="testCase6" time="0.116"/>
  <system-out/>
  <testcase classname="LoginTestCase" name="testCase7" time="0.178"/>
  <system-out/>
  <testcase classname="LoginTestCase" name="testCase5" time="0.169"/>
  <system-out/>
</testsuite> <!-- LoginTestCase -->
