<?xml version="1.0" encoding="UTF-8"?>
<!-- Generated by org.testng.reporters.JUnitReportReporter -->
<testsuite hostname="DESKTOP-DLAD3CB" failures="0" tests="7" name="LoginTestCase" time="1.395" errors="0" timestamp="2023-02-14T11:00:51 ICT" skipped="0">
  <testcase classname="LoginTestCase" name="testCase4" time="0.121"/>
  <system-out/>
  <testcase classname="LoginTestCase" name="testCase5" time="0.174"/>
  <system-out/>
  <testcase classname="LoginTestCase" name="testCase3" time="0.148"/>
  <system-out/>
  <testcase classname="LoginTestCase" name="testCase7" time="0.177"/>
  <system-out/>
  <testcase classname="LoginTestCase" name="testCase6" time="0.122"/>
  <system-out/>
  <testcase classname="LoginTestCase" name="testCase1" time="0.466"/>
  <system-out/>
  <testcase classname="LoginTestCase" name="testCase2" time="0.187"/>
  <system-out/>
</testsuite> <!-- LoginTestCase -->
