<?xml version="1.0" encoding="UTF-8"?>
<!-- Generated by org.testng.reporters.JUnitReportReporter -->
<testsuite hostname="DESKTOP-DLAD3CB" failures="0" tests="7" name="LoginTestCase" time="1.315" errors="0" timestamp="2023-02-14T09:53:40 ICT" skipped="0">
  <testcase classname="LoginTestCase" name="testCase4" time="0.120"/>
  <system-out/>
  <testcase classname="LoginTestCase" name="testCase5" time="0.169"/>
  <system-out/>
  <testcase classname="LoginTestCase" name="testCase3" time="0.128"/>
  <system-out/>
  <testcase classname="LoginTestCase" name="testCase7" time="0.189"/>
  <system-out/>
  <testcase classname="LoginTestCase" name="testCase6" time="0.117"/>
  <system-out/>
  <testcase classname="LoginTestCase" name="testCase1" time="0.413"/>
  <system-out/>
  <testcase classname="LoginTestCase" name="testCase2" time="0.179"/>
  <system-out/>
</testsuite> <!-- LoginTestCase -->
